app/build/intermediates/manifest_merge_blame_file/debug/processDebugMainManifest/manifest-merger-blame-debug-report.txt
1<?xml version="1.0" encoding="utf-8"?>
2<manifest xmlns:android="http://schemas.android.com/apk/res/android"
3    package="com.smlab.zapride"
4    android:versionCode="1"
5    android:versionName="1.0" >
6
7    <uses-sdk
8        android:minSdkVersion="24"
9        android:targetSdkVersion="34" />
10
11    <uses-permission android:name="android.permission.INTERNET" />
11-->src\main\AndroidManifest.xml:5:5-67
11-->src\main\AndroidManifest.xml:5:22-64
12    <uses-permission android:name="android.permission.ACCESS_FINE_LOCATION" />
12-->src\main\AndroidManifest.xml:6:5-79
12-->src\main\AndroidManifest.xml:6:22-76
13    <uses-permission android:name="android.permission.ACCESS_COARSE_LOCATION" />
13-->src\main\AndroidManifest.xml:7:5-81
13-->src\main\AndroidManifest.xml:7:22-78
14    <uses-permission android:name="android.permission.ACCESS_WIFI_STATE" /> <!-- Include required permissions for Google Maps API to run. -->
14-->[com.google.android.libraries.places:places:2.7.0] AndroidManifest.xml:11:5-76
14-->[com.google.android.libraries.places:places:2.7.0] AndroidManifest.xml:11:22-73
15    <uses-permission android:name="android.permission.ACCESS_NETWORK_STATE" />
15-->[com.google.android.gms:play-services-maps:19.0.0] AndroidManifest.xml:23:5-79
15-->[com.google.android.gms:play-services-maps:19.0.0] AndroidManifest.xml:23:22-76
16
17    <uses-feature
17-->[com.google.android.gms:play-services-maps:19.0.0] AndroidManifest.xml:26:5-28:35
18        android:glEsVersion="0x00020000"
18-->[com.google.android.gms:play-services-maps:19.0.0] AndroidManifest.xml:27:9-41
19        android:required="true" />
19-->[com.google.android.gms:play-services-maps:19.0.0] AndroidManifest.xml:28:9-32
20
21    <queries>
21-->[com.google.android.gms:play-services-maps:19.0.0] AndroidManifest.xml:30:5-34:15
22
23        <!-- Needs to be explicitly declared on Android R+ -->
24        <package android:name="com.google.android.apps.maps" />
24-->[com.google.android.gms:play-services-maps:19.0.0] AndroidManifest.xml:33:9-64
24-->[com.google.android.gms:play-services-maps:19.0.0] AndroidManifest.xml:33:18-61
25    </queries>
26
27    <permission
27-->[androidx.core:core:1.13.0] AndroidManifest.xml:22:5-24:47
28        android:name="com.smlab.zapride.DYNAMIC_RECEIVER_NOT_EXPORTED_PERMISSION"
28-->[androidx.core:core:1.13.0] AndroidManifest.xml:23:9-81
29        android:protectionLevel="signature" />
29-->[androidx.core:core:1.13.0] AndroidManifest.xml:24:9-44
30
31    <uses-permission android:name="com.smlab.zapride.DYNAMIC_RECEIVER_NOT_EXPORTED_PERMISSION" />
31-->[androidx.core:core:1.13.0] AndroidManifest.xml:26:5-97
31-->[androidx.core:core:1.13.0] AndroidManifest.xml:26:22-94
32
33    <application
33-->src\main\AndroidManifest.xml:9:5-89:19
34        android:allowBackup="true"
34-->src\main\AndroidManifest.xml:10:9-35
35        android:appComponentFactory="androidx.core.app.CoreComponentFactory"
35-->[androidx.core:core:1.13.0] AndroidManifest.xml:28:18-86
36        android:dataExtractionRules="@xml/data_extraction_rules"
36-->src\main\AndroidManifest.xml:11:9-65
37        android:debuggable="true"
38        android:extractNativeLibs="false"
39        android:fullBackupContent="@xml/backup_rules"
39-->src\main\AndroidManifest.xml:12:9-54
40        android:icon="@mipmap/ic_launcher"
40-->src\main\AndroidManifest.xml:13:9-43
41        android:label="@string/app_name"
41-->src\main\AndroidManifest.xml:14:9-41
42        android:roundIcon="@mipmap/ic_launcher_round"
42-->src\main\AndroidManifest.xml:15:9-54
43        android:supportsRtl="true"
43-->src\main\AndroidManifest.xml:16:9-35
44        android:testOnly="true"
45        android:theme="@style/Theme.ZapRide" >
45-->src\main\AndroidManifest.xml:17:9-45
46        <activity
46-->src\main\AndroidManifest.xml:19:9-21:40
47            android:name="com.smlab.zapride.ui.editProfile.EditProfile"
47-->src\main\AndroidManifest.xml:20:13-55
48            android:exported="false" />
48-->src\main\AndroidManifest.xml:21:13-37
49        <activity
49-->src\main\AndroidManifest.xml:22:9-24:40
50            android:name="com.smlab.zapride.ui.aboutUs.AboutUs"
50-->src\main\AndroidManifest.xml:23:13-47
51            android:exported="false" />
51-->src\main\AndroidManifest.xml:24:13-37
52        <activity
52-->src\main\AndroidManifest.xml:25:9-27:40
53            android:name="com.smlab.zapride.ui.contactUs.ContactUs"
53-->src\main\AndroidManifest.xml:26:13-51
54            android:exported="false" />
54-->src\main\AndroidManifest.xml:27:13-37
55        <activity
55-->src\main\AndroidManifest.xml:28:9-30:40
56            android:name="com.smlab.zapride.ui.privacyPolicy.PrivacyPolicy"
56-->src\main\AndroidManifest.xml:29:13-59
57            android:exported="false" />
57-->src\main\AndroidManifest.xml:30:13-37
58        <activity
58-->src\main\AndroidManifest.xml:31:9-33:40
59            android:name="com.smlab.zapride.ui.settings.Settings"
59-->src\main\AndroidManifest.xml:32:13-49
60            android:exported="false" />
60-->src\main\AndroidManifest.xml:33:13-37
61        <activity
61-->src\main\AndroidManifest.xml:34:9-36:40
62            android:name="com.smlab.zapride.ui.deleteAccount.DeleteAccount"
62-->src\main\AndroidManifest.xml:35:13-59
63            android:exported="false" />
63-->src\main\AndroidManifest.xml:36:13-37
64        <activity
64-->src\main\AndroidManifest.xml:37:9-39:39
65            android:name="com.smlab.zapride.ui.helpandsupport.HelpandSupport"
65-->src\main\AndroidManifest.xml:38:13-61
66            android:exported="true" />
66-->src\main\AndroidManifest.xml:39:13-36
67        <activity
67-->src\main\AndroidManifest.xml:40:9-42:40
68            android:name="com.smlab.zapride.ui.notification.Notification"
68-->src\main\AndroidManifest.xml:41:13-57
69            android:exported="false" />
69-->src\main\AndroidManifest.xml:42:13-37
70        <activity
70-->src\main\AndroidManifest.xml:43:9-45:40
71            android:name="com.smlab.zapride.ui.signUp.SignUpOTPVerification"
71-->src\main\AndroidManifest.xml:44:13-60
72            android:exported="false" />
72-->src\main\AndroidManifest.xml:45:13-37
73        <activity
73-->src\main\AndroidManifest.xml:46:9-48:40
74            android:name="com.smlab.zapride.ui.signIn.SignInOTP"
74-->src\main\AndroidManifest.xml:47:13-48
75            android:exported="false" />
75-->src\main\AndroidManifest.xml:48:13-37
76        <activity
76-->src\main\AndroidManifest.xml:49:9-51:40
77            android:name="com.smlab.zapride.ui.signIn.SignIn"
77-->src\main\AndroidManifest.xml:50:13-45
78            android:exported="false" />
78-->src\main\AndroidManifest.xml:51:13-37
79        <activity
79-->src\main\AndroidManifest.xml:52:9-54:40
80            android:name="com.smlab.zapride.ui.signUp.AccountCreatedSplash"
80-->src\main\AndroidManifest.xml:53:13-59
81            android:exported="false" />
81-->src\main\AndroidManifest.xml:54:13-37
82        <activity
82-->src\main\AndroidManifest.xml:55:9-57:40
83            android:name="com.smlab.zapride.ui.signUp.SignUp"
83-->src\main\AndroidManifest.xml:56:13-45
84            android:exported="false" />
84-->src\main\AndroidManifest.xml:57:13-37
85        <activity
85-->src\main\AndroidManifest.xml:58:9-60:40
86            android:name="com.smlab.zapride.ui.welcome.WelcomeScreen"
86-->src\main\AndroidManifest.xml:59:13-53
87            android:exported="false" />
87-->src\main\AndroidManifest.xml:60:13-37
88        <activity
88-->src\main\AndroidManifest.xml:61:9-63:40
89            android:name="com.smlab.zapride.ui.onBoarding.OnBoarding"
89-->src\main\AndroidManifest.xml:62:13-53
90            android:exported="false" />
90-->src\main\AndroidManifest.xml:63:13-37
91        <activity
91-->src\main\AndroidManifest.xml:64:9-74:20
92            android:name="com.smlab.zapride.ui.splash.Splash"
92-->src\main\AndroidManifest.xml:65:13-45
93            android:exported="true" >
93-->src\main\AndroidManifest.xml:66:13-36
94
95            <!-- <intent-filter> -->
96            <!-- <action android:name="android.intent.action.MAIN" /> -->
97
98
99            <!-- <category android:name="android.intent.category.LAUNCHER" /> -->
100            <!-- </intent-filter> -->
101        </activity>
102        <activity
102-->src\main\AndroidManifest.xml:75:9-84:20
103            android:name="com.smlab.zapride.MainActivity"
103-->src\main\AndroidManifest.xml:76:13-41
104            android:exported="true"
104-->src\main\AndroidManifest.xml:77:13-36
105            android:windowSoftInputMode="adjustResize" >
105-->src\main\AndroidManifest.xml:78:13-55
106            <intent-filter>
106-->src\main\AndroidManifest.xml:79:13-83:29
107                <action android:name="android.intent.action.MAIN" />
107-->src\main\AndroidManifest.xml:80:17-69
107-->src\main\AndroidManifest.xml:80:25-66
108
109                <category android:name="android.intent.category.LAUNCHER" />
109-->src\main\AndroidManifest.xml:82:17-77
109-->src\main\AndroidManifest.xml:82:27-74
110            </intent-filter>
111        </activity>
112
113        <meta-data
113-->src\main\AndroidManifest.xml:86:9-88:71
114            android:name="com.google.android.geo.API_KEY"
114-->src\main\AndroidManifest.xml:87:13-58
115            android:value="AIzaSyCNReplTjOrJpfTL5-cS2I5oPVD0-ohH9M" />
115-->src\main\AndroidManifest.xml:88:13-68
116
117        <activity
117-->[com.github.vardemin.MaterialCountryPicker:materialcountrypicker:0.2.3] AndroidManifest.xml:12:9-14:59
118            android:name="com.github.vardemin.materialcountrypicker.CountryPickerActivity"
118-->[com.github.vardemin.MaterialCountryPicker:materialcountrypicker:0.2.3] AndroidManifest.xml:13:13-91
119            android:theme="@style/AppTheme.NoActionBar" />
119-->[com.github.vardemin.MaterialCountryPicker:materialcountrypicker:0.2.3] AndroidManifest.xml:14:13-56
120        <activity
120-->[com.google.android.libraries.places:places:2.7.0] AndroidManifest.xml:15:9-21:20
121            android:name="com.google.android.libraries.places.widget.AutocompleteActivity"
121-->[com.google.android.libraries.places:places:2.7.0] AndroidManifest.xml:16:13-91
122            android:exported="false"
122-->[com.google.android.libraries.places:places:2.7.0] AndroidManifest.xml:17:13-37
123            android:label="@string/places_autocomplete_label"
123-->[com.google.android.libraries.places:places:2.7.0] AndroidManifest.xml:18:13-62
124            android:theme="@style/PlacesAutocompleteOverlay"
124-->[com.google.android.libraries.places:places:2.7.0] AndroidManifest.xml:19:13-61
125            android:windowSoftInputMode="adjustResize" >
125-->[com.google.android.libraries.places:places:2.7.0] AndroidManifest.xml:20:13-55
126        </activity> <!-- Needs to be explicitly declared on P+ -->
127        <uses-library
127-->[com.google.android.gms:play-services-maps:19.0.0] AndroidManifest.xml:39:9-41:40
128            android:name="org.apache.http.legacy"
128-->[com.google.android.gms:play-services-maps:19.0.0] AndroidManifest.xml:40:13-50
129            android:required="false" />
129-->[com.google.android.gms:play-services-maps:19.0.0] AndroidManifest.xml:41:13-37
130
131        <activity
131-->[com.google.android.gms:play-services-base:18.5.0] AndroidManifest.xml:5:9-173
132            android:name="com.google.android.gms.common.api.GoogleApiActivity"
132-->[com.google.android.gms:play-services-base:18.5.0] AndroidManifest.xml:5:19-85
133            android:exported="false"
133-->[com.google.android.gms:play-services-base:18.5.0] AndroidManifest.xml:5:146-170
134            android:theme="@android:style/Theme.Translucent.NoTitleBar" />
134-->[com.google.android.gms:play-services-base:18.5.0] AndroidManifest.xml:5:86-145
135
136        <meta-data
136-->[com.google.android.gms:play-services-basement:18.4.0] AndroidManifest.xml:6:9-122
137            android:name="com.google.android.gms.version"
137-->[com.google.android.gms:play-services-basement:18.4.0] AndroidManifest.xml:6:20-65
138            android:value="@integer/google_play_services_version" />
138-->[com.google.android.gms:play-services-basement:18.4.0] AndroidManifest.xml:6:66-119
139
140        <provider
140-->[androidx.emoji2:emoji2:1.3.0] AndroidManifest.xml:24:9-32:20
141            android:name="androidx.startup.InitializationProvider"
141-->[androidx.emoji2:emoji2:1.3.0] AndroidManifest.xml:25:13-67
142            android:authorities="com.smlab.zapride.androidx-startup"
142-->[androidx.emoji2:emoji2:1.3.0] AndroidManifest.xml:26:13-68
143            android:exported="false" >
143-->[androidx.emoji2:emoji2:1.3.0] AndroidManifest.xml:27:13-37
144            <meta-data
144-->[androidx.emoji2:emoji2:1.3.0] AndroidManifest.xml:29:13-31:52
145                android:name="androidx.emoji2.text.EmojiCompatInitializer"
145-->[androidx.emoji2:emoji2:1.3.0] AndroidManifest.xml:30:17-75
146                android:value="androidx.startup" />
146-->[androidx.emoji2:emoji2:1.3.0] AndroidManifest.xml:31:17-49
147            <meta-data
147-->[androidx.lifecycle:lifecycle-process:2.6.2] AndroidManifest.xml:29:13-31:52
148                android:name="androidx.lifecycle.ProcessLifecycleInitializer"
148-->[androidx.lifecycle:lifecycle-process:2.6.2] AndroidManifest.xml:30:17-78
149                android:value="androidx.startup" />
149-->[androidx.lifecycle:lifecycle-process:2.6.2] AndroidManifest.xml:31:17-49
150            <meta-data
150-->[androidx.profileinstaller:profileinstaller:1.4.0] AndroidManifest.xml:29:13-31:52
151                android:name="androidx.profileinstaller.ProfileInstallerInitializer"
151-->[androidx.profileinstaller:profileinstaller:1.4.0] AndroidManifest.xml:30:17-85
152                android:value="androidx.startup" />
152-->[androidx.profileinstaller:profileinstaller:1.4.0] AndroidManifest.xml:31:17-49
153        </provider>
154
155        <receiver
155-->[androidx.profileinstaller:profileinstaller:1.4.0] AndroidManifest.xml:34:9-52:20
156            android:name="androidx.profileinstaller.ProfileInstallReceiver"
156-->[androidx.profileinstaller:profileinstaller:1.4.0] AndroidManifest.xml:35:13-76
157            android:directBootAware="false"
157-->[androidx.profileinstaller:profileinstaller:1.4.0] AndroidManifest.xml:36:13-44
158            android:enabled="true"
158-->[androidx.profileinstaller:profileinstaller:1.4.0] AndroidManifest.xml:37:13-35
159            android:exported="true"
159-->[androidx.profileinstaller:profileinstaller:1.4.0] AndroidManifest.xml:38:13-36
160            android:permission="android.permission.DUMP" >
160-->[androidx.profileinstaller:profileinstaller:1.4.0] AndroidManifest.xml:39:13-57
161            <intent-filter>
161-->[androidx.profileinstaller:profileinstaller:1.4.0] AndroidManifest.xml:40:13-42:29
162                <action android:name="androidx.profileinstaller.action.INSTALL_PROFILE" />
162-->[androidx.profileinstaller:profileinstaller:1.4.0] AndroidManifest.xml:41:17-91
162-->[androidx.profileinstaller:profileinstaller:1.4.0] AndroidManifest.xml:41:25-88
163            </intent-filter>
164            <intent-filter>
164-->[androidx.profileinstaller:profileinstaller:1.4.0] AndroidManifest.xml:43:13-45:29
165                <action android:name="androidx.profileinstaller.action.SKIP_FILE" />
165-->[androidx.profileinstaller:profileinstaller:1.4.0] AndroidManifest.xml:44:17-85
165-->[androidx.profileinstaller:profileinstaller:1.4.0] AndroidManifest.xml:44:25-82
166            </intent-filter>
167            <intent-filter>
167-->[androidx.profileinstaller:profileinstaller:1.4.0] AndroidManifest.xml:46:13-48:29
168                <action android:name="androidx.profileinstaller.action.SAVE_PROFILE" />
168-->[androidx.profileinstaller:profileinstaller:1.4.0] AndroidManifest.xml:47:17-88
168-->[androidx.profileinstaller:profileinstaller:1.4.0] AndroidManifest.xml:47:25-85
169            </intent-filter>
170            <intent-filter>
170-->[androidx.profileinstaller:profileinstaller:1.4.0] AndroidManifest.xml:49:13-51:29
171                <action android:name="androidx.profileinstaller.action.BENCHMARK_OPERATION" />
171-->[androidx.profileinstaller:profileinstaller:1.4.0] AndroidManifest.xml:50:17-95
171-->[androidx.profileinstaller:profileinstaller:1.4.0] AndroidManifest.xml:50:25-92
172            </intent-filter>
173        </receiver>
174
175        <service
175-->[com.google.android.datatransport:transport-backend-cct:2.3.0] AndroidManifest.xml:29:9-35:19
176            android:name="com.google.android.datatransport.runtime.backends.TransportBackendDiscovery"
176-->[com.google.android.datatransport:transport-backend-cct:2.3.0] AndroidManifest.xml:30:13-103
177            android:exported="false" >
177-->[com.google.android.datatransport:transport-backend-cct:2.3.0] AndroidManifest.xml:31:13-37
178            <meta-data
178-->[com.google.android.datatransport:transport-backend-cct:2.3.0] AndroidManifest.xml:32:13-34:39
179                android:name="backend:com.google.android.datatransport.cct.CctBackendFactory"
179-->[com.google.android.datatransport:transport-backend-cct:2.3.0] AndroidManifest.xml:33:17-94
180                android:value="cct" />
180-->[com.google.android.datatransport:transport-backend-cct:2.3.0] AndroidManifest.xml:34:17-36
181        </service>
182        <service
182-->[com.google.android.datatransport:transport-runtime:2.2.3] AndroidManifest.xml:26:9-30:19
183            android:name="com.google.android.datatransport.runtime.scheduling.jobscheduling.JobInfoSchedulerService"
183-->[com.google.android.datatransport:transport-runtime:2.2.3] AndroidManifest.xml:27:13-117
184            android:exported="false"
184-->[com.google.android.datatransport:transport-runtime:2.2.3] AndroidManifest.xml:28:13-37
185            android:permission="android.permission.BIND_JOB_SERVICE" >
185-->[com.google.android.datatransport:transport-runtime:2.2.3] AndroidManifest.xml:29:13-69
186        </service>
187
188        <receiver
188-->[com.google.android.datatransport:transport-runtime:2.2.3] AndroidManifest.xml:32:9-34:40
189            android:name="com.google.android.datatransport.runtime.scheduling.jobscheduling.AlarmManagerSchedulerBroadcastReceiver"
189-->[com.google.android.datatransport:transport-runtime:2.2.3] AndroidManifest.xml:33:13-132
190            android:exported="false" />
190-->[com.google.android.datatransport:transport-runtime:2.2.3] AndroidManifest.xml:34:13-37
191    </application>
192
193</manifest>